<?xml version="1.0" encoding="UTF-8"?>
<testsuite xmlns:xsi="http://www.w3.org/2001/XMLSchema-instance" xsi:noNamespaceSchemaLocation="https://maven.apache.org/surefire/maven-surefire-plugin/xsd/surefire-test-report-3.0.xsd" version="3.0" name="StyledCirclesAppTest" time="0.242" tests="3" errors="0" skipped="0" failures="0">
  <properties>
[...]
</properties>
  <testcase name="testStylesheetCanBeResolved" classname="StyledCirclesAppTest" time="0.013"/>
  <testcase name="testCreateContentAppliesBorderStyleToRootPane" classname="StyledCirclesAppTest" time="0.215"/>
  <testcase name="testCreateContentBuildsFourCirclesWithExpectedStylesAndIds" classname="StyledCirclesAppTest" time="0.001"/>
</testsuite>